{"name":"1563780472","hostname":"WINDOWS-KAF5MKC","pid":4148,"level":20,"msg":"Sync server version: 1.1.2 2019-07-21 12:11:04 -0500 c76f9953d4f6aea1ac358e22f56d826d46fd74f3","time":"2019-07-22T07:27:52.489Z","v":0}
{"name":"1563780472","hostname":"WINDOWS-KAF5MKC","pid":4148,"level":30,"msg":"Acquiring actors for session 1563780472: WEB","time":"2019-07-22T07:27:52.494Z","v":0}
{"name":"1563780472","hostname":"WINDOWS-KAF5MKC","pid":4148,"level":30,"msg":"Session 1563780472 with label \"todoist login\" started at 2019-07-22 07:27:52 UTC","time":"2019-07-22T07:27:52.500Z","v":0}
{"name":"1563780472","hostname":"WINDOWS-KAF5MKC","pid":4148,"level":30,"actorType":"WEB","actorId":"61485","msg":"Actor 61485 of type WEB was acquired by test session 1563780472","time":"2019-07-22T07:27:54.227Z","v":0}
{"name":"1563780472","hostname":"WINDOWS-KAF5MKC","pid":4148,"level":20,"actorType":"WEB","actorId":"61485","msg":"DEBUG: Test actor JAR versions:","time":"2019-07-22T07:27:54.246Z","v":0}
{"name":"1563780472","hostname":"WINDOWS-KAF5MKC","pid":4148,"level":20,"actorType":"WEB","actorId":"61485","msg":"DEBUG:   opentest-appium-0.0.1.jar: 2019-07-21 12:11 -0500 0.0.1-c76f9953d4f6aea1ac358e22f56d826d46fd74f3","time":"2019-07-22T07:27:54.257Z","v":0}
{"name":"1563780472","hostname":"WINDOWS-KAF5MKC","pid":4148,"level":20,"actorType":"WEB","actorId":"61485","msg":"DEBUG:   opentest-base-0.0.1.jar: 2019-07-21 12:11 -0500 0.0.1-c76f9953d4f6aea1ac358e22f56d826d46fd74f3","time":"2019-07-22T07:27:54.263Z","v":0}
{"name":"1563780472","hostname":"WINDOWS-KAF5MKC","pid":4148,"level":20,"actorType":"WEB","actorId":"61485","msg":"DEBUG:   opentest-selenium-0.0.1.jar: 2019-07-21 12:11 -0500 0.0.1-c76f9953d4f6aea1ac358e22f56d826d46fd74f3","time":"2019-07-22T07:27:54.274Z","v":0}
{"name":"1563780472","hostname":"WINDOWS-KAF5MKC","pid":4148,"level":40,"actorType":"WEB","actorId":"61485","msg":"WARN: Failed to log extension JARs","time":"2019-07-22T07:27:54.281Z","v":0}
{"name":"1563780472","hostname":"WINDOWS-KAF5MKC","pid":4148,"level":30,"actorType":"WEB","actorId":"61485","msg":"==================== WEB: todoist login ====================","time":"2019-07-22T07:27:54.376Z","v":0}
{"name":"1563780472","hostname":"WINDOWS-KAF5MKC","pid":4148,"level":30,"actorType":"WEB","actorId":"61485","msg":"Actor WEB started executing test todoist login...","time":"2019-07-22T07:27:54.380Z","v":0}
{"name":"1563780472","hostname":"WINDOWS-KAF5MKC","pid":4148,"level":30,"actorType":"WEB","actorId":"61485","msg":"Executing segment 1 of test /todoist login...","time":"2019-07-22T07:27:54.412Z","v":0}
{"name":"1563780472","hostname":"WINDOWS-KAF5MKC","pid":4148,"level":30,"actorType":"WEB","actorId":"61485","msg":"Evaluating action 1/1 (org.getopentest.selenium.NavigateTo) in segment 1 (Navigate todolist homepage)...","time":"2019-07-22T07:27:54.421Z","v":0}
{"name":"1563780472","hostname":"WINDOWS-KAF5MKC","pid":4148,"level":10,"actorType":"WEB","actorId":"61485","msg":"TRACE: Initializing action org.getopentest.selenium.NavigateTo...","time":"2019-07-22T07:27:54.443Z","v":0}
{"name":"1563780472","hostname":"WINDOWS-KAF5MKC","pid":4148,"level":30,"actorType":"WEB","actorId":"61485","msg":"Loading configuration from \"D:\\KIT\\Internship\\Taf\\openTest\\no2\\actor-web\\actor.yaml\"","time":"2019-07-22T07:27:54.456Z","v":0}
{"name":"1563780472","hostname":"WINDOWS-KAF5MKC","pid":4148,"level":30,"actorType":"WEB","actorId":"61485","msg":"Using local Selenium server","time":"2019-07-22T07:27:54.466Z","v":0}
{"name":"1563780472","hostname":"WINDOWS-KAF5MKC","pid":4148,"level":10,"actorType":"WEB","actorId":"61485","msg":"TRACE: Setting system property \"webdriver.chrome.driver\" to \"C:/Selenium/chromedriver.exe\"","time":"2019-07-22T07:27:54.471Z","v":0}
{"name":"1563780472","hostname":"WINDOWS-KAF5MKC","pid":4148,"level":50,"actorType":"WEB","actorId":"61485","msg":"ERROR: java.lang.Exception: Failed executing test /todoist login, segment 1\r\n\tat org.getopentest.base.TestActor.executeTestSegment(TestActor.java:2118)\r\n\tat org.getopentest.base.TestActor.runOneSession(TestActor.java:2839)\r\n\tat org.getopentest.base.TestActor.runOneSession(TestActor.java:2875)\r\n\tat org.getopentest.Main.main(Main.java:20)\r\nCaused by: java.lang.RuntimeException: There was an error while executing action no. 1 (org.getopentest.selenium.NavigateTo) in segment 1 of test /todoist login.\nThe action definition was:\n{\n  \"action\": \"org.getopentest.selenium.NavigateTo\",\n  \"args\": {\n    \"url\": \"https://todoist.com/\"\n  },\n  \"description\": \"Navigate todolist homepage\"\n}\r\n\tat org.getopentest.base.TestActor.executeTestSegment(TestActor.java:2076)\r\n\t... 3 more\r\nCaused by: java.lang.RuntimeException: Failed executing action org.getopentest.selenium.NavigateTo with arguments {\"url\":\"https://todoist.com/\"}\r\n\tat org.getopentest.base.TestActor.executeActionByDef(TestActor.java:1773)\r\n\tat org.getopentest.base.TestActor.executeTestSegment(TestActor.java:2026)\r\n\t... 3 more\r\nCaused by: org.openqa.selenium.SessionNotCreatedException: session not created: This version of ChromeDriver only supports Chrome version 76\nBuild info: version: '3.12.0', revision: '7c6e0b3', time: '2018-05-08T14:04:26.12Z'\nSystem info: host: 'WINDOWS-KAF5MKC', ip: '192.168.56.1', os.name: 'Windows 10', os.arch: 'x86', os.version: '10.0', java.version: '1.8.0_221'\nDriver info: driver.version: ChromeDriver\nremote stacktrace: Backtrace:\n\tOrdinal0 [0x002E7C93+1473683]\n\tOrdinal0 [0x0026ADB1+961969]\n\tOrdinal0 [0x001F42E3+475875]\n\tOrdinal0 [0x0018F365+62309]\n\tOrdinal0 [0x0018BC77+48247]\n\tOrdinal0 [0x001A9149+168265]\n\tOrdinal0 [0x001A8D1D+167197]\n\tOrdinal0 [0x001A742B+160811]\n\tOrdinal0 [0x00190AE6+68326]\n\tOrdinal0 [0x00191BF0+72688]\n\tOrdinal0 [0x00191B89+72585]\n\tOrdinal0 [0x00284B77+1067895]\n\tGetHandleVerifier [0x00386875+506677]\n\tGetHandleVerifier [0x00386610+506064]\n\tGetHandleVerifier [0x0038D1B8+533624]\n\tGetHandleVerifier [0x0038704A+508682]\n\tOrdinal0 [0x0027C266+1032806]\n\tOrdinal0 [0x0027C0DF+1032415]\n\tOrdinal0 [0x00286A8B+1075851]\n\tOrdinal0 [0x00286BF3+1076211]\n\tOrdinal0 [0x00285BA5+1072037]\n\tBaseThreadInitThunk [0x776A6359+25]\n\tRtlGetAppContainerNamedObjectPath [0x77AA7A94+228]\n\tRtlGetAppContainerNamedObjectPath [0x77AA7A64+180]\n\r\n\tat sun.reflect.NativeConstructorAccessorImpl.newInstance0(Native Method)\r\n\tat sun.reflect.NativeConstructorAccessorImpl.newInstance(Unknown Source)\r\n\tat sun.reflect.DelegatingConstructorAccessorImpl.newInstance(Unknown Source)\r\n\tat java.lang.reflect.Constructor.newInstance(Unknown Source)\r\n\tat org.openqa.selenium.remote.W3CHandshakeResponse.lambda$new$0(W3CHandshakeResponse.java:57)\r\n\tat org.openqa.selenium.remote.W3CHandshakeResponse.lambda$getResponseFunction$2(W3CHandshakeResponse.java:104)\r\n\tat org.openqa.selenium.remote.ProtocolHandshake.lambda$createSession$0(ProtocolHandshake.java:123)\r\n\tat java.util.stream.ReferencePipeline$3$1.accept(Unknown Source)\r\n\tat java.util.Spliterators$ArraySpliterator.tryAdvance(Unknown Source)\r\n\tat java.util.stream.ReferencePipeline.forEachWithCancel(Unknown Source)\r\n\tat java.util.stream.AbstractPipeline.copyIntoWithCancel(Unknown Source)\r\n\tat java.util.stream.AbstractPipeline.copyInto(Unknown Source)\r\n\tat java.util.stream.AbstractPipeline.wrapAndCopyInto(Unknown Source)\r\n\tat java.util.stream.FindOps$FindOp.evaluateSequential(Unknown Source)\r\n\tat java.util.stream.AbstractPipeline.evaluate(Unknown Source)\r\n\tat java.util.stream.ReferencePipeline.findFirst(Unknown Source)\r\n\tat org.openqa.selenium.remote.ProtocolHandshake.createSession(ProtocolHandshake.java:126)\r\n\tat org.openqa.selenium.remote.ProtocolHandshake.createSession(ProtocolHandshake.java:73)\r\n\tat org.openqa.selenium.remote.HttpCommandExecutor.execute(HttpCommandExecutor.java:136)\r\n\tat org.openqa.selenium.remote.service.DriverCommandExecutor.execute(DriverCommandExecutor.java:83)\r\n\tat org.openqa.selenium.remote.RemoteWebDriver.execute(RemoteWebDriver.java:543)\r\n\tat org.openqa.selenium.remote.RemoteWebDriver.startSession(RemoteWebDriver.java:207)\r\n\tat org.openqa.selenium.remote.RemoteWebDriver.<init>(RemoteWebDriver.java:130)\r\n\tat org.openqa.selenium.chrome.ChromeDriver.<init>(ChromeDriver.java:181)\r\n\tat org.openqa.selenium.chrome.ChromeDriver.<init>(ChromeDriver.java:168)\r\n\tat org.openqa.selenium.chrome.ChromeDriver.<init>(ChromeDriver.java:157)\r\n\tat org.getopentest.selenium.core.SeleniumHelper.createDriver(SeleniumHelper.java:82)\r\n\tat org.getopentest.selenium.core.SeleniumHelper.getDriver(SeleniumHelper.java:216)\r\n\tat org.getopentest.selenium.core.SeleniumTestAction.initialize(SeleniumTestAction.java:139)\r\n\tat org.getopentest.base.TestActor.executeAction(TestActor.java:1491)\r\n\tat org.getopentest.base.TestActor.executeActionByClassName(TestActor.java:1557)\r\n\tat org.getopentest.base.TestActor.executeActionByDef(TestActor.java:1657)\r\n\t... 4 more\r\n","time":"2019-07-22T07:27:56.178Z","v":0}
{"name":"1563780472","hostname":"WINDOWS-KAF5MKC","pid":4148,"level":30,"actorType":"WEB","actorId":"61485","msg":"Test session has completed","time":"2019-07-22T07:27:56.698Z","v":0}
{"name":"1563780472","hostname":"WINDOWS-KAF5MKC","pid":4148,"level":10,"actorType":"WEB","actorId":"61485","msg":"TRACE: Firing TEST_COMPLETED event...","time":"2019-07-22T07:27:56.704Z","v":0}
{"name":"1563780472","hostname":"WINDOWS-KAF5MKC","pid":4148,"level":10,"actorType":"WEB","actorId":"61485","msg":"TRACE: Firing SESSION_COMPLETED event...","time":"2019-07-22T07:27:56.709Z","v":0}
{"name":"1563780472","hostname":"WINDOWS-KAF5MKC","pid":4148,"level":30,"actorType":"WEB","actorId":"61485","msg":"Actor 61485 of type WEB with no tags is waiting to be acquired by a test session...","time":"2019-07-22T07:27:56.720Z","v":0}
{"name":"1563780472","hostname":"WINDOWS-KAF5MKC","pid":4148,"level":10,"actorType":"WEB","actorId":"61485","msg":"TRACE: Initializing test session information in the \"announce\" method...","time":"2019-07-22T07:28:33.319Z","v":0}
{"name":"1563780472","hostname":"WINDOWS-KAF5MKC","pid":4148,"level":10,"actorType":"WEB","actorId":"61485","msg":"TRACE: Session ID in sync server response was 1563780512; actor session ID was null","time":"2019-07-22T07:28:33.324Z","v":0}
