{"name":"1564559274","hostname":"WINDOWS-KAF5MKC","pid":684,"level":20,"msg":"Sync server version: 1.1.2 2019-07-21 12:11:04 -0500 c76f9953d4f6aea1ac358e22f56d826d46fd74f3","time":"2019-07-31T07:47:54.086Z","v":0}
{"name":"1564559274","hostname":"WINDOWS-KAF5MKC","pid":684,"level":30,"msg":"Acquiring actors for session 1564559274: WEB","time":"2019-07-31T07:47:54.090Z","v":0}
{"name":"1564559274","hostname":"WINDOWS-KAF5MKC","pid":684,"level":30,"msg":"Session 1564559274 with label \"todoist login 17\" started at 2019-07-31 07:47:54 UTC","time":"2019-07-31T07:47:54.094Z","v":0}
{"name":"1564559274","hostname":"WINDOWS-KAF5MKC","pid":684,"level":30,"actorType":"WEB","actorId":"9790","msg":"Actor 9790 of type WEB was acquired by test session 1564559274","time":"2019-07-31T07:47:59.783Z","v":0}
{"name":"1564559274","hostname":"WINDOWS-KAF5MKC","pid":684,"level":20,"actorType":"WEB","actorId":"9790","msg":"DEBUG: Test actor JAR versions:","time":"2019-07-31T07:47:59.797Z","v":0}
{"name":"1564559274","hostname":"WINDOWS-KAF5MKC","pid":684,"level":20,"actorType":"WEB","actorId":"9790","msg":"DEBUG:   opentest-appium-0.0.1.jar: 2019-07-21 12:11 -0500 0.0.1-c76f9953d4f6aea1ac358e22f56d826d46fd74f3","time":"2019-07-31T07:47:59.802Z","v":0}
{"name":"1564559274","hostname":"WINDOWS-KAF5MKC","pid":684,"level":20,"actorType":"WEB","actorId":"9790","msg":"DEBUG:   opentest-base-0.0.1.jar: 2019-07-21 12:11 -0500 0.0.1-c76f9953d4f6aea1ac358e22f56d826d46fd74f3","time":"2019-07-31T07:47:59.806Z","v":0}
{"name":"1564559274","hostname":"WINDOWS-KAF5MKC","pid":684,"level":20,"actorType":"WEB","actorId":"9790","msg":"DEBUG:   opentest-selenium-0.0.1.jar: 2019-07-21 12:11 -0500 0.0.1-c76f9953d4f6aea1ac358e22f56d826d46fd74f3","time":"2019-07-31T07:47:59.811Z","v":0}
{"name":"1564559274","hostname":"WINDOWS-KAF5MKC","pid":684,"level":40,"actorType":"WEB","actorId":"9790","msg":"WARN: Failed to log extension JARs","time":"2019-07-31T07:47:59.817Z","v":0}
{"name":"1564559274","hostname":"WINDOWS-KAF5MKC","pid":684,"level":50,"actorType":"WEB","actorId":"9790","msg":"ERROR: Cannot create property=actors for JavaBean=org.getopentest.testdef.TestDefinition@369e14\n in 'reader', line 1, column 1:\n    description: Todolist login\n    ^\nCannot create property=segments for JavaBean=org.getopentest.testdef.TestDefActor@cffc25\n in 'reader', line 3, column 5:\n      - actor: WEB\n        ^\nCannot create property=actions for JavaBean=org.getopentest.testdef.TestDefSegment@c8a093\n in 'reader', line 5, column 9:\n          - segment: 1\n            ^\nCan not set java.util.List field org.getopentest.testdef.TestDefSegment.actions to java.util.LinkedHashSet\n in 'reader', line 7, column 11:\n              -macro: Login\n              ^\n\n in 'reader', line 5, column 7:\n          - segment: 1\n          ^\n\n in 'reader', line 3, column 3:\n      - actor: WEB\n      ^\n\r\n\tat org.yaml.snakeyaml.constructor.Constructor$ConstructMapping.constructJavaBean2ndStep(Constructor.java:313)\r\n\tat org.yaml.snakeyaml.constructor.Constructor$ConstructMapping.construct(Constructor.java:190)\r\n\tat org.yaml.snakeyaml.constructor.Constructor$ConstructYamlObject.construct(Constructor.java:346)\r\n\tat org.yaml.snakeyaml.constructor.BaseConstructor.constructObject(BaseConstructor.java:184)\r\n\tat org.yaml.snakeyaml.constructor.BaseConstructor.constructDocument(BaseConstructor.java:143)\r\n\tat org.yaml.snakeyaml.constructor.BaseConstructor.getSingleData(BaseConstructor.java:129)\r\n\tat org.yaml.snakeyaml.Yaml.loadFromReader(Yaml.java:505)\r\n\tat org.yaml.snakeyaml.Yaml.loadAs(Yaml.java:499)\r\n\tat org.getopentest.base.TestActor.getTestDefinition(TestActor.java:2268)\r\n\tat org.getopentest.base.TestActor.runOneSession(TestActor.java:2759)\r\n\tat org.getopentest.base.TestActor.runOneSession(TestActor.java:2875)\r\n\tat org.getopentest.Main.main(Main.java:20)\r\nCaused by: Cannot create property=segments for JavaBean=org.getopentest.testdef.TestDefActor@cffc25\n in 'reader', line 3, column 5:\n      - actor: WEB\n        ^\nCannot create property=actions for JavaBean=org.getopentest.testdef.TestDefSegment@c8a093\n in 'reader', line 5, column 9:\n          - segment: 1\n            ^\nCan not set java.util.List field org.getopentest.testdef.TestDefSegment.actions to java.util.LinkedHashSet\n in 'reader', line 7, column 11:\n              -macro: Login\n              ^\n\n in 'reader', line 5, column 7:\n          - segment: 1\n          ^\n\r\n\tat org.yaml.snakeyaml.constructor.Constructor$ConstructMapping.constructJavaBean2ndStep(Constructor.java:313)\r\n\tat org.yaml.snakeyaml.constructor.Constructor$ConstructMapping.construct(Constructor.java:190)\r\n\tat org.yaml.snakeyaml.constructor.BaseConstructor.constructObject(BaseConstructor.java:184)\r\n\tat org.yaml.snakeyaml.constructor.BaseConstructor.constructSequenceStep2(BaseConstructor.java:277)\r\n\tat org.yaml.snakeyaml.constructor.BaseConstructor.constructSequence(BaseConstructor.java:248)\r\n\tat org.yaml.snakeyaml.constructor.Constructor$ConstructSequence.construct(Constructor.java:539)\r\n\tat org.yaml.snakeyaml.constructor.BaseConstructor.constructObject(BaseConstructor.java:184)\r\n\tat org.yaml.snakeyaml.constructor.Constructor$ConstructMapping.constructJavaBean2ndStep(Constructor.java:298)\r\n\t... 11 more\r\nCaused by: Cannot create property=actions for JavaBean=org.getopentest.testdef.TestDefSegment@c8a093\n in 'reader', line 5, column 9:\n          - segment: 1\n            ^\nCan not set java.util.List field org.getopentest.testdef.TestDefSegment.actions to java.util.LinkedHashSet\n in 'reader', line 7, column 11:\n              -macro: Login\n              ^\n\r\n\tat org.yaml.snakeyaml.constructor.Constructor$ConstructMapping.constructJavaBean2ndStep(Constructor.java:313)\r\n\tat org.yaml.snakeyaml.constructor.Constructor$ConstructMapping.construct(Constructor.java:190)\r\n\tat org.yaml.snakeyaml.constructor.BaseConstructor.constructObject(BaseConstructor.java:184)\r\n\tat org.yaml.snakeyaml.constructor.BaseConstructor.constructSequenceStep2(BaseConstructor.java:277)\r\n\tat org.yaml.snakeyaml.constructor.BaseConstructor.constructSequence(BaseConstructor.java:248)\r\n\tat org.yaml.snakeyaml.constructor.Constructor$ConstructSequence.construct(Constructor.java:539)\r\n\tat org.yaml.snakeyaml.constructor.BaseConstructor.constructObject(BaseConstructor.java:184)\r\n\tat org.yaml.snakeyaml.constructor.Constructor$ConstructMapping.constructJavaBean2ndStep(Constructor.java:298)\r\n\t... 18 more\r\nCaused by: java.lang.IllegalArgumentException: Can not set java.util.List field org.getopentest.testdef.TestDefSegment.actions to java.util.LinkedHashSet\r\n\tat sun.reflect.UnsafeFieldAccessorImpl.throwSetIllegalArgumentException(Unknown Source)\r\n\tat sun.reflect.UnsafeFieldAccessorImpl.throwSetIllegalArgumentException(Unknown Source)\r\n\tat sun.reflect.UnsafeObjectFieldAccessorImpl.set(Unknown Source)\r\n\tat java.lang.reflect.Field.set(Unknown Source)\r\n\tat org.yaml.snakeyaml.introspector.FieldProperty.set(FieldProperty.java:40)\r\n\tat org.yaml.snakeyaml.constructor.Constructor$ConstructMapping.constructJavaBean2ndStep(Constructor.java:311)\r\n\t... 25 more\r\n","time":"2019-07-31T07:47:59.871Z","v":0}
{"name":"1564559274","hostname":"WINDOWS-KAF5MKC","pid":684,"level":50,"actorType":"WEB","actorId":"9790","msg":"ERROR: java.lang.Exception: Failed executing test /todoist login, segment 0\r\n\tat org.getopentest.base.TestActor.executeTestSegment(TestActor.java:2118)\r\n\tat org.getopentest.base.TestActor.runOneSession(TestActor.java:2839)\r\n\tat org.getopentest.base.TestActor.runOneSession(TestActor.java:2875)\r\n\tat org.getopentest.Main.main(Main.java:20)\r\nCaused by: java.lang.NullPointerException\r\n\tat org.getopentest.base.TestActor.executeTestSegment(TestActor.java:1986)\r\n\t... 3 more\r\n","time":"2019-07-31T07:47:59.909Z","v":0}
{"name":"1564559274","hostname":"WINDOWS-KAF5MKC","pid":684,"level":30,"actorType":"WEB","actorId":"9790","msg":"Test session has completed","time":"2019-07-31T07:47:59.921Z","v":0}
{"name":"1564559274","hostname":"WINDOWS-KAF5MKC","pid":684,"level":10,"actorType":"WEB","actorId":"9790","msg":"TRACE: Firing TEST_COMPLETED event...","time":"2019-07-31T07:47:59.930Z","v":0}
{"name":"1564559274","hostname":"WINDOWS-KAF5MKC","pid":684,"level":10,"actorType":"WEB","actorId":"9790","msg":"TRACE: Firing SESSION_COMPLETED event...","time":"2019-07-31T07:47:59.936Z","v":0}
{"name":"1564559274","hostname":"WINDOWS-KAF5MKC","pid":684,"level":30,"actorType":"WEB","actorId":"9790","msg":"Actor 9790 of type WEB with no tags is waiting to be acquired by a test session...","time":"2019-07-31T07:47:59.941Z","v":0}
{"name":"1564559274","hostname":"WINDOWS-KAF5MKC","pid":684,"level":10,"actorType":"WEB","actorId":"9790","msg":"TRACE: Initializing test session information in the \"announce\" method...","time":"2019-07-31T07:48:33.999Z","v":0}
{"name":"1564559274","hostname":"WINDOWS-KAF5MKC","pid":684,"level":10,"actorType":"WEB","actorId":"9790","msg":"TRACE: Session ID in sync server response was 1564559309; actor session ID was null","time":"2019-07-31T07:48:34.010Z","v":0}
