{"name":"1564558416","hostname":"WINDOWS-KAF5MKC","pid":684,"level":20,"msg":"Sync server version: 1.1.2 2019-07-21 12:11:04 -0500 c76f9953d4f6aea1ac358e22f56d826d46fd74f3","time":"2019-07-31T07:33:35.637Z","v":0}
{"name":"1564558416","hostname":"WINDOWS-KAF5MKC","pid":684,"level":30,"msg":"Acquiring actors for session 1564558416: WEB","time":"2019-07-31T07:33:35.639Z","v":0}
{"name":"1564558416","hostname":"WINDOWS-KAF5MKC","pid":684,"level":30,"msg":"Session 1564558416 with label \"todoist login 11\" started at 2019-07-31 07:33:35 UTC","time":"2019-07-31T07:33:35.643Z","v":0}
{"name":"1564558416","hostname":"WINDOWS-KAF5MKC","pid":684,"level":30,"actorType":"WEB","actorId":"7111","msg":"Actor 7111 of type WEB was acquired by test session 1564558416","time":"2019-07-31T07:33:36.186Z","v":0}
{"name":"1564558416","hostname":"WINDOWS-KAF5MKC","pid":684,"level":20,"actorType":"WEB","actorId":"7111","msg":"DEBUG: Test actor JAR versions:","time":"2019-07-31T07:33:36.201Z","v":0}
{"name":"1564558416","hostname":"WINDOWS-KAF5MKC","pid":684,"level":20,"actorType":"WEB","actorId":"7111","msg":"DEBUG:   opentest-appium-0.0.1.jar: 2019-07-21 12:11 -0500 0.0.1-c76f9953d4f6aea1ac358e22f56d826d46fd74f3","time":"2019-07-31T07:33:36.205Z","v":0}
{"name":"1564558416","hostname":"WINDOWS-KAF5MKC","pid":684,"level":20,"actorType":"WEB","actorId":"7111","msg":"DEBUG:   opentest-base-0.0.1.jar: 2019-07-21 12:11 -0500 0.0.1-c76f9953d4f6aea1ac358e22f56d826d46fd74f3","time":"2019-07-31T07:33:36.210Z","v":0}
{"name":"1564558416","hostname":"WINDOWS-KAF5MKC","pid":684,"level":20,"actorType":"WEB","actorId":"7111","msg":"DEBUG:   opentest-selenium-0.0.1.jar: 2019-07-21 12:11 -0500 0.0.1-c76f9953d4f6aea1ac358e22f56d826d46fd74f3","time":"2019-07-31T07:33:36.214Z","v":0}
{"name":"1564558416","hostname":"WINDOWS-KAF5MKC","pid":684,"level":40,"actorType":"WEB","actorId":"7111","msg":"WARN: Failed to log extension JARs","time":"2019-07-31T07:33:36.218Z","v":0}
{"name":"1564558416","hostname":"WINDOWS-KAF5MKC","pid":684,"level":30,"actorType":"WEB","actorId":"7111","msg":"==================== WEB: todoist login ====================","time":"2019-07-31T07:33:36.258Z","v":0}
{"name":"1564558416","hostname":"WINDOWS-KAF5MKC","pid":684,"level":30,"actorType":"WEB","actorId":"7111","msg":"Actor WEB started executing test todoist login...","time":"2019-07-31T07:33:36.264Z","v":0}
{"name":"1564558416","hostname":"WINDOWS-KAF5MKC","pid":684,"level":30,"actorType":"WEB","actorId":"7111","msg":"Executing segment 1 of test /todoist login...","time":"2019-07-31T07:33:36.282Z","v":0}
{"name":"1564558416","hostname":"WINDOWS-KAF5MKC","pid":684,"level":30,"actorType":"WEB","actorId":"7111","msg":"Evaluating action 1/7 (org.getopentest.selenium.NavigateTo) in segment 1 (Navigate todolist home page)...","time":"2019-07-31T07:33:36.286Z","v":0}
{"name":"1564558416","hostname":"WINDOWS-KAF5MKC","pid":684,"level":10,"actorType":"WEB","actorId":"7111","msg":"TRACE: Initializing action org.getopentest.selenium.NavigateTo...","time":"2019-07-31T07:33:36.291Z","v":0}
{"name":"1564558416","hostname":"WINDOWS-KAF5MKC","pid":684,"level":30,"actorType":"WEB","actorId":"7111","msg":"Executing action org.getopentest.selenium.NavigateTo with arguments {\"url\":\"https://todoist.com/\"}...","time":"2019-07-31T07:33:36.296Z","v":0}
{"name":"1564558416","hostname":"WINDOWS-KAF5MKC","pid":684,"level":30,"actorType":"WEB","actorId":"7111","msg":"Caught exception org.openqa.selenium.WebDriverException while initializing the Selenium driver. The exception message was: \"chrome not reachable\n  (Session info: chrome=75.0.3770.142)\nBuild info: version: '3.12.0', revision: '7c6e0b3', time: '2018-05-08T14:04:26.12Z'\nSystem info: host: 'WINDOWS-KAF5MKC', ip: '192.168.56.1', os.name: 'Windows 10', os.arch: 'x86', os.version: '10.0', java.version: '1.8.0_221'\nDriver info: org.openqa.selenium.chrome.ChromeDriver\nCapabilities {acceptInsecureCerts: false, browserName: chrome, browserVersion: 75.0.3770.142, chrome: {chromedriverVersion: 75.0.3770.140 (2d9f97485c7b..., userDataDir: C:\\Users\\User\\AppData\\Local...}, goog:chromeOptions: {debuggerAddress: localhost:49177}, javascriptEnabled: true, networkConnectionEnabled: false, pageLoadStrategy: normal, platform: XP, platformName: XP, proxy: Proxy(), setWindowRect: true, strictFileInteractability: false, timeouts: {implicit: 0, pageLoad: 300000, script: 30000}, unhandledPromptBehavior: dismiss and notify}\nSession ID: 4d66e45b2df614d8ab30c98fea9ee381\". Retries left: 2.","time":"2019-07-31T07:33:50.969Z","v":0}
{"name":"1564558416","hostname":"WINDOWS-KAF5MKC","pid":684,"level":30,"actorType":"WEB","actorId":"7111","msg":"Using local Selenium server","time":"2019-07-31T07:33:50.979Z","v":0}
{"name":"1564558416","hostname":"WINDOWS-KAF5MKC","pid":684,"level":10,"actorType":"WEB","actorId":"7111","msg":"TRACE: Setting system property \"webdriver.chrome.driver\" to \"C:/Selenium/chromedriver.exe\"","time":"2019-07-31T07:33:50.987Z","v":0}
{"name":"1564558416","hostname":"WINDOWS-KAF5MKC","pid":684,"level":50,"actorType":"WEB","actorId":"7111","msg":"ERROR: java.lang.Exception: Failed executing test /todoist login, segment 1\r\n\tat org.getopentest.base.TestActor.executeTestSegment(TestActor.java:2118)\r\n\tat org.getopentest.base.TestActor.runOneSession(TestActor.java:2839)\r\n\tat org.getopentest.base.TestActor.runOneSession(TestActor.java:2875)\r\n\tat org.getopentest.Main.main(Main.java:20)\r\nCaused by: java.lang.RuntimeException: There was an error while executing action no. 1 (org.getopentest.selenium.NavigateTo) in segment 1 of test /todoist login.\nThe action definition was:\n{\n  \"action\": \"org.getopentest.selenium.NavigateTo\",\n  \"args\": {\n    \"url\": \"https://todoist.com/\"\n  },\n  \"description\": \"Navigate todolist home page\"\n}\r\n\tat org.getopentest.base.TestActor.executeTestSegment(TestActor.java:2076)\r\n\t... 3 more\r\nCaused by: java.lang.RuntimeException: Failed executing action org.getopentest.selenium.NavigateTo with arguments {\"url\":\"https://todoist.com/\"}\r\n\tat org.getopentest.base.TestActor.executeActionByDef(TestActor.java:1773)\r\n\tat org.getopentest.base.TestActor.executeTestSegment(TestActor.java:2026)\r\n\t... 3 more\r\nCaused by: org.openqa.selenium.NoSuchSessionException: Session ID is null. Using WebDriver after calling quit()?\nBuild info: version: '3.12.0', revision: '7c6e0b3', time: '2018-05-08T14:04:26.12Z'\nSystem info: host: 'WINDOWS-KAF5MKC', ip: '192.168.56.1', os.name: 'Windows 10', os.arch: 'x86', os.version: '10.0', java.version: '1.8.0_221'\nDriver info: driver.version: RemoteWebDriver\r\n\tat org.openqa.selenium.remote.HttpCommandExecutor.execute(HttpCommandExecutor.java:125)\r\n\tat org.openqa.selenium.remote.service.DriverCommandExecutor.execute(DriverCommandExecutor.java:83)\r\n\tat org.openqa.selenium.remote.RemoteWebDriver.execute(RemoteWebDriver.java:543)\r\n\tat org.openqa.selenium.remote.RemoteWebDriver.get(RemoteWebDriver.java:271)\r\n\tat org.getopentest.selenium.NavigateTo.run(NavigateTo.java:15)\r\n\tat org.getopentest.base.TestActor.executeAction(TestActor.java:1497)\r\n\tat org.getopentest.base.TestActor.executeActionByClassName(TestActor.java:1557)\r\n\tat org.getopentest.base.TestActor.executeActionByDef(TestActor.java:1657)\r\n\t... 4 more\r\n","time":"2019-07-31T07:34:00.477Z","v":0}
{"name":"1564558416","hostname":"WINDOWS-KAF5MKC","pid":684,"level":30,"actorType":"WEB","actorId":"7111","msg":"Test session has completed","time":"2019-07-31T07:34:00.995Z","v":0}
{"name":"1564558416","hostname":"WINDOWS-KAF5MKC","pid":684,"level":10,"actorType":"WEB","actorId":"7111","msg":"TRACE: Firing TEST_COMPLETED event...","time":"2019-07-31T07:34:01.005Z","v":0}
{"name":"1564558416","hostname":"WINDOWS-KAF5MKC","pid":684,"level":10,"actorType":"WEB","actorId":"7111","msg":"TRACE: Firing SESSION_COMPLETED event...","time":"2019-07-31T07:34:01.013Z","v":0}
{"name":"1564558416","hostname":"WINDOWS-KAF5MKC","pid":684,"level":30,"actorType":"WEB","actorId":"7111","msg":"Actor 7111 of type WEB with no tags is waiting to be acquired by a test session...","time":"2019-07-31T07:34:01.019Z","v":0}
{"name":"1564558416","hostname":"WINDOWS-KAF5MKC","pid":684,"level":10,"actorType":"WEB","actorId":"7111","msg":"TRACE: Initializing test session information in the \"announce\" method...","time":"2019-07-31T07:34:56.180Z","v":0}
{"name":"1564558416","hostname":"WINDOWS-KAF5MKC","pid":684,"level":10,"actorType":"WEB","actorId":"7111","msg":"TRACE: Session ID in sync server response was 1564558495; actor session ID was null","time":"2019-07-31T07:34:56.187Z","v":0}
