{"name":"1574404465","hostname":"keentesting-VirtualBox","pid":2735,"level":20,"msg":"Sync server version: 1.1.4 2019-08-29 20:07:31 -0500 b66f5666d4ff411b239b3d82efe727fdbf241cf0","time":"2019-11-22T06:34:25.148Z","v":0}
{"name":"1574404465","hostname":"keentesting-VirtualBox","pid":2735,"level":30,"msg":"Acquiring actors for session 1574404465: WEB","time":"2019-11-22T06:34:25.160Z","v":0}
{"name":"1574404465","hostname":"keentesting-VirtualBox","pid":2735,"level":30,"msg":"Session 1574404465 with label \"Again\" started at 2019-11-22 06:35:09 UTC","time":"2019-11-22T06:35:09.306Z","v":0}
{"name":"1574404465","hostname":"keentesting-VirtualBox","pid":2735,"level":30,"actorType":"WEB","actorId":"48237","msg":"Actor 48237 of type WEB was acquired by test session 1574404465","time":"2019-11-22T06:35:14.863Z","v":0}
{"name":"1574404465","hostname":"keentesting-VirtualBox","pid":2735,"level":20,"actorType":"WEB","actorId":"48237","msg":"DEBUG: Test actor JAR versions:","time":"2019-11-22T06:35:14.889Z","v":0}
{"name":"1574404465","hostname":"keentesting-VirtualBox","pid":2735,"level":20,"actorType":"WEB","actorId":"48237","msg":"DEBUG:   opentest-appium-0.0.1.jar: 2019-08-29 20:07 -0500 0.0.1-b66f5666d4ff411b239b3d82efe727fdbf241cf0","time":"2019-11-22T06:35:14.900Z","v":0}
{"name":"1574404465","hostname":"keentesting-VirtualBox","pid":2735,"level":20,"actorType":"WEB","actorId":"48237","msg":"DEBUG:   opentest-selenium-0.0.1.jar: 2019-08-29 20:07 -0500 0.0.1-b66f5666d4ff411b239b3d82efe727fdbf241cf0","time":"2019-11-22T06:35:14.912Z","v":0}
{"name":"1574404465","hostname":"keentesting-VirtualBox","pid":2735,"level":20,"actorType":"WEB","actorId":"48237","msg":"DEBUG:   opentest-base-0.0.1.jar: 2019-08-29 20:07 -0500 0.0.1-b66f5666d4ff411b239b3d82efe727fdbf241cf0","time":"2019-11-22T06:35:14.917Z","v":0}
{"name":"1574404465","hostname":"keentesting-VirtualBox","pid":2735,"level":40,"actorType":"WEB","actorId":"48237","msg":"WARN: Failed to log extension JARs","time":"2019-11-22T06:35:14.931Z","v":0}
{"name":"1574404465","hostname":"keentesting-VirtualBox","pid":2735,"level":30,"actorType":"WEB","actorId":"48237","msg":"==================== WEB: todoist login ====================","time":"2019-11-22T06:35:15.081Z","v":0}
{"name":"1574404465","hostname":"keentesting-VirtualBox","pid":2735,"level":30,"actorType":"WEB","actorId":"48237","msg":"Actor WEB started executing test todoist login...","time":"2019-11-22T06:35:15.086Z","v":0}
{"name":"1574404465","hostname":"keentesting-VirtualBox","pid":2735,"level":30,"actorType":"WEB","actorId":"48237","msg":"Executing segment 1 of test /todoist login...","time":"2019-11-22T06:35:15.124Z","v":0}
{"name":"1574404465","hostname":"keentesting-VirtualBox","pid":2735,"level":30,"actorType":"WEB","actorId":"48237","msg":"Evaluating action 1/1 (org.getopentest.selenium.NavigateTo) in segment 1 (Load the GitHub homepage)...","time":"2019-11-22T06:35:15.129Z","v":0}
{"name":"1574404465","hostname":"keentesting-VirtualBox","pid":2735,"level":10,"actorType":"WEB","actorId":"48237","msg":"TRACE: Initializing action org.getopentest.selenium.NavigateTo...","time":"2019-11-22T06:35:15.144Z","v":0}
{"name":"1574404465","hostname":"keentesting-VirtualBox","pid":2735,"level":30,"actorType":"WEB","actorId":"48237","msg":"Loading configuration from \"/home/keentesting/Desktop/OPTest-master/actor-web/actor.yaml\"","time":"2019-11-22T06:35:15.164Z","v":0}
{"name":"1574404465","hostname":"keentesting-VirtualBox","pid":2735,"level":30,"actorType":"WEB","actorId":"48237","msg":"Using local Selenium server","time":"2019-11-22T06:35:15.183Z","v":0}
{"name":"1574404465","hostname":"keentesting-VirtualBox","pid":2735,"level":50,"actorType":"WEB","actorId":"48237","msg":"ERROR: java.lang.Exception: Failed executing test /todoist login, segment 1\n\tat org.getopentest.base.TestActor.executeTestSegment(TestActor.java:2118)\n\tat org.getopentest.base.TestActor.runOneSession(TestActor.java:2839)\n\tat org.getopentest.base.TestActor.runOneSession(TestActor.java:2875)\n\tat org.getopentest.Main.main(Main.java:20)\nCaused by: java.lang.RuntimeException: There was an error while executing action no. 1 (org.getopentest.selenium.NavigateTo) in segment 1 of test /todoist login.\nThe action definition was:\n{\n  \"action\": \"org.getopentest.selenium.NavigateTo\",\n  \"args\": {\n    \"url\": \"https://google.com/\"\n  },\n  \"description\": \"Load the GitHub homepage\"\n}\n\tat org.getopentest.base.TestActor.executeTestSegment(TestActor.java:2076)\n\t... 3 more\nCaused by: java.lang.RuntimeException: Failed executing action org.getopentest.selenium.NavigateTo with arguments {\"url\":\"https://google.com/\"}\n\tat org.getopentest.base.TestActor.executeActionByDef(TestActor.java:1773)\n\tat org.getopentest.base.TestActor.executeTestSegment(TestActor.java:2026)\n\t... 3 more\nCaused by: java.lang.RuntimeException: Failed to find the Selenium driver executable for browser \"chrome\". File \"/usr/bin/chromedriver\" does not exist. You can provide the correct path to the driver in the test actor's configuration file.\n\tat org.getopentest.selenium.core.SeleniumHelper.setDriverExecutable(SeleniumHelper.java:266)\n\tat org.getopentest.selenium.core.SeleniumHelper.createDriver(SeleniumHelper.java:62)\n\tat org.getopentest.selenium.core.SeleniumHelper.getDriver(SeleniumHelper.java:216)\n\tat org.getopentest.selenium.core.SeleniumTestAction.initialize(SeleniumTestAction.java:139)\n\tat org.getopentest.base.TestActor.executeAction(TestActor.java:1491)\n\tat org.getopentest.base.TestActor.executeActionByClassName(TestActor.java:1557)\n\tat org.getopentest.base.TestActor.executeActionByDef(TestActor.java:1657)\n\t... 4 more\n","time":"2019-11-22T06:35:15.260Z","v":0}
{"name":"1574404465","hostname":"keentesting-VirtualBox","pid":2735,"level":30,"actorType":"WEB","actorId":"48237","msg":"Test session has completed","time":"2019-11-22T06:35:15.774Z","v":0}
{"name":"1574404465","hostname":"keentesting-VirtualBox","pid":2735,"level":10,"actorType":"WEB","actorId":"48237","msg":"TRACE: Firing TEST_COMPLETED event...","time":"2019-11-22T06:35:15.780Z","v":0}
{"name":"1574404465","hostname":"keentesting-VirtualBox","pid":2735,"level":10,"actorType":"WEB","actorId":"48237","msg":"TRACE: Firing SESSION_COMPLETED event...","time":"2019-11-22T06:35:15.789Z","v":0}
{"name":"1574404465","hostname":"keentesting-VirtualBox","pid":2735,"level":30,"actorType":"WEB","actorId":"48237","msg":"Actor 48237 of type WEB with no tags is waiting to be acquired by a test session...","time":"2019-11-22T06:35:15.793Z","v":0}
