{"name":"1574410666","hostname":"keentesting-VirtualBox","pid":4335,"level":20,"msg":"Sync server version: 1.1.4 2019-08-29 20:07:31 -0500 b66f5666d4ff411b239b3d82efe727fdbf241cf0","time":"2019-11-22T08:17:45.551Z","v":0}
{"name":"1574410666","hostname":"keentesting-VirtualBox","pid":4335,"level":30,"msg":"Acquiring actors for session 1574410666: WEB","time":"2019-11-22T08:17:45.557Z","v":0}
{"name":"1574410666","hostname":"keentesting-VirtualBox","pid":4335,"level":30,"msg":"Session 1574410666 with label \"Again 5\" started at 2019-11-22 08:17:45 UTC","time":"2019-11-22T08:17:45.561Z","v":0}
{"name":"1574410666","hostname":"keentesting-VirtualBox","pid":4335,"level":30,"actorType":"WEB","actorId":"9513","msg":"Actor 9513 of type WEB was acquired by test session 1574410666","time":"2019-11-22T08:17:46.097Z","v":0}
{"name":"1574410666","hostname":"keentesting-VirtualBox","pid":4335,"level":20,"actorType":"WEB","actorId":"9513","msg":"DEBUG: Test actor JAR versions:","time":"2019-11-22T08:17:46.104Z","v":0}
{"name":"1574410666","hostname":"keentesting-VirtualBox","pid":4335,"level":20,"actorType":"WEB","actorId":"9513","msg":"DEBUG:   opentest-appium-0.0.1.jar: 2019-08-29 20:07 -0500 0.0.1-b66f5666d4ff411b239b3d82efe727fdbf241cf0","time":"2019-11-22T08:17:46.112Z","v":0}
{"name":"1574410666","hostname":"keentesting-VirtualBox","pid":4335,"level":20,"actorType":"WEB","actorId":"9513","msg":"DEBUG:   opentest-selenium-0.0.1.jar: 2019-08-29 20:07 -0500 0.0.1-b66f5666d4ff411b239b3d82efe727fdbf241cf0","time":"2019-11-22T08:17:46.118Z","v":0}
{"name":"1574410666","hostname":"keentesting-VirtualBox","pid":4335,"level":20,"actorType":"WEB","actorId":"9513","msg":"DEBUG:   opentest-base-0.0.1.jar: 2019-08-29 20:07 -0500 0.0.1-b66f5666d4ff411b239b3d82efe727fdbf241cf0","time":"2019-11-22T08:17:46.127Z","v":0}
{"name":"1574410666","hostname":"keentesting-VirtualBox","pid":4335,"level":40,"actorType":"WEB","actorId":"9513","msg":"WARN: Failed to log extension JARs","time":"2019-11-22T08:17:46.134Z","v":0}
{"name":"1574410666","hostname":"keentesting-VirtualBox","pid":4335,"level":30,"actorType":"WEB","actorId":"9513","msg":"==================== WEB: todoist login ====================","time":"2019-11-22T08:17:46.273Z","v":0}
{"name":"1574410666","hostname":"keentesting-VirtualBox","pid":4335,"level":30,"actorType":"WEB","actorId":"9513","msg":"Actor WEB started executing test todoist login...","time":"2019-11-22T08:17:46.282Z","v":0}
{"name":"1574410666","hostname":"keentesting-VirtualBox","pid":4335,"level":30,"actorType":"WEB","actorId":"9513","msg":"Executing segment 1 of test /todoist login...","time":"2019-11-22T08:17:46.314Z","v":0}
{"name":"1574410666","hostname":"keentesting-VirtualBox","pid":4335,"level":30,"actorType":"WEB","actorId":"9513","msg":"Evaluating action 1/1 (org.getopentest.selenium.NavigateTo) in segment 1 (Load the GitHub homepage)...","time":"2019-11-22T08:17:46.320Z","v":0}
{"name":"1574410666","hostname":"keentesting-VirtualBox","pid":4335,"level":10,"actorType":"WEB","actorId":"9513","msg":"TRACE: Initializing action org.getopentest.selenium.NavigateTo...","time":"2019-11-22T08:17:46.330Z","v":0}
{"name":"1574410666","hostname":"keentesting-VirtualBox","pid":4335,"level":30,"actorType":"WEB","actorId":"9513","msg":"Loading configuration from \"/home/keentesting/Desktop/OPTest-master/actor-web/actor.yaml\"","time":"2019-11-22T08:17:46.364Z","v":0}
{"name":"1574410666","hostname":"keentesting-VirtualBox","pid":4335,"level":30,"actorType":"WEB","actorId":"9513","msg":"Using local Selenium server","time":"2019-11-22T08:17:46.384Z","v":0}
{"name":"1574410666","hostname":"keentesting-VirtualBox","pid":4335,"level":10,"actorType":"WEB","actorId":"9513","msg":"TRACE: Setting system property \"webdriver.chrome.driver\" to \"/usr/lib/chromium-browser/chromedriver\"","time":"2019-11-22T08:17:46.394Z","v":0}
{"name":"1574410666","hostname":"keentesting-VirtualBox","pid":4335,"level":50,"actorType":"WEB","actorId":"9513","msg":"ERROR: java.lang.Exception: Failed executing test /todoist login, segment 1\n\tat org.getopentest.base.TestActor.executeTestSegment(TestActor.java:2118)\n\tat org.getopentest.base.TestActor.runOneSession(TestActor.java:2839)\n\tat org.getopentest.base.TestActor.runOneSession(TestActor.java:2875)\n\tat org.getopentest.Main.main(Main.java:20)\nCaused by: java.lang.RuntimeException: There was an error while executing action no. 1 (org.getopentest.selenium.NavigateTo) in segment 1 of test /todoist login.\nThe action definition was:\n{\n  \"action\": \"org.getopentest.selenium.NavigateTo\",\n  \"args\": {\n    \"url\": \"https://google.com/\"\n  },\n  \"description\": \"Load the GitHub homepage\"\n}\n\tat org.getopentest.base.TestActor.executeTestSegment(TestActor.java:2076)\n\t... 3 more\nCaused by: java.lang.RuntimeException: Failed executing action org.getopentest.selenium.NavigateTo with arguments {\"url\":\"https://google.com/\"}\n\tat org.getopentest.base.TestActor.executeActionByDef(TestActor.java:1773)\n\tat org.getopentest.base.TestActor.executeTestSegment(TestActor.java:2026)\n\t... 3 more\nCaused by: org.openqa.selenium.remote.UnreachableBrowserException: Could not start a new session. Possible causes are invalid address of the remote server or browser start-up failure.\nBuild info: version: '3.141.59', revision: 'e82be7d358', time: '2018-11-14T08:17:03'\nSystem info: host: 'keentesting-VirtualBox', ip: '127.0.1.1', os.name: 'Linux', os.arch: 'amd64', os.version: '5.0.0-36-generic', java.version: '1.8.0_222'\nDriver info: driver.version: ChromeDriver\n\tat org.openqa.selenium.remote.RemoteWebDriver.execute(RemoteWebDriver.java:573)\n\tat org.openqa.selenium.remote.RemoteWebDriver.startSession(RemoteWebDriver.java:213)\n\tat org.openqa.selenium.remote.RemoteWebDriver.<init>(RemoteWebDriver.java:131)\n\tat org.openqa.selenium.chrome.ChromeDriver.<init>(ChromeDriver.java:181)\n\tat org.openqa.selenium.chrome.ChromeDriver.<init>(ChromeDriver.java:168)\n\tat org.openqa.selenium.chrome.ChromeDriver.<init>(ChromeDriver.java:157)\n\tat org.getopentest.selenium.core.SeleniumHelper.createDriver(SeleniumHelper.java:82)\n\tat org.getopentest.selenium.core.SeleniumHelper.getDriver(SeleniumHelper.java:216)\n\tat org.getopentest.selenium.core.SeleniumTestAction.initialize(SeleniumTestAction.java:139)\n\tat org.getopentest.base.TestActor.executeAction(TestActor.java:1491)\n\tat org.getopentest.base.TestActor.executeActionByClassName(TestActor.java:1557)\n\tat org.getopentest.base.TestActor.executeActionByDef(TestActor.java:1657)\n\t... 4 more\nCaused by: java.lang.NullPointerException: at index 0\n\tat com.google.common.collect.ObjectArrays.checkElementNotNull(ObjectArrays.java:235)\n\tat com.google.common.collect.ObjectArrays.checkElementsNotNull(ObjectArrays.java:225)\n\tat com.google.common.collect.ObjectArrays.checkElementsNotNull(ObjectArrays.java:219)\n\tat com.google.common.collect.ImmutableList.construct(ImmutableList.java:347)\n\tat com.google.common.collect.ImmutableList.copyOf(ImmutableList.java:257)\n\tat org.openqa.selenium.chrome.ChromeOptions.asMap(ChromeOptions.java:278)\n\tat org.openqa.selenium.remote.NewSessionPayload.create(NewSessionPayload.java:94)\n\tat org.openqa.selenium.remote.ProtocolHandshake.createSession(ProtocolHandshake.java:68)\n\tat org.openqa.selenium.remote.HttpCommandExecutor.execute(HttpCommandExecutor.java:136)\n\tat org.openqa.selenium.remote.service.DriverCommandExecutor.execute(DriverCommandExecutor.java:83)\n\tat org.openqa.selenium.remote.RemoteWebDriver.execute(RemoteWebDriver.java:552)\n\t... 15 more\n","time":"2019-11-22T08:17:47.122Z","v":0}
{"name":"1574410666","hostname":"keentesting-VirtualBox","pid":4335,"level":30,"actorType":"WEB","actorId":"9513","msg":"Test session has completed","time":"2019-11-22T08:17:47.637Z","v":0}
{"name":"1574410666","hostname":"keentesting-VirtualBox","pid":4335,"level":10,"actorType":"WEB","actorId":"9513","msg":"TRACE: Firing TEST_COMPLETED event...","time":"2019-11-22T08:17:47.641Z","v":0}
{"name":"1574410666","hostname":"keentesting-VirtualBox","pid":4335,"level":10,"actorType":"WEB","actorId":"9513","msg":"TRACE: Firing SESSION_COMPLETED event...","time":"2019-11-22T08:17:47.650Z","v":0}
{"name":"1574410666","hostname":"keentesting-VirtualBox","pid":4335,"level":30,"actorType":"WEB","actorId":"9513","msg":"Actor 9513 of type WEB with no tags is waiting to be acquired by a test session...","time":"2019-11-22T08:17:47.657Z","v":0}
